[04Jul2025 00:00:21.895] [Server thread/INFO] [net.minecraftforge.common.AdvancementLoadFix/]: Using new advancement loading for net.minecraft.server.PlayerAdvancements@72a94319
[04Jul2025 00:00:21.908] [Server thread/INFO] [net.minecraft.server.players.PlayerList/]: kaneki46532[/127.126.81.4:44697] logged in with entity id 165 at (119.5, 76.0, -56.5)
[04Jul2025 00:00:22.037] [Server thread/INFO] [net.minecraft.server.MinecraftServer/]: kaneki46532 joined the game
[04Jul2025 00:00:22.264] [Server thread/INFO] [jecalculation/]: Failed to load default records at /workspaces/inginer/servidor_minecraft/config/jecalculation/records.json.
[04Jul2025 00:00:22.367] [Server thread/INFO] [se.mickelus.tetra.data.DataManager/]: Sending data to client: kaneki46532
[04Jul2025 00:00:22.410] [Server thread/INFO] [Jade/]: Syncing config to kaneki46532 (2349e40f-6487-3c24-839c-c02f62e90718)
[04Jul2025 00:00:22.646] [Server thread/INFO] [net.minecraft.server.MinecraftServer/]: kaneki46532 has made the advancement [Integrated Dungeons and Structures]
[04Jul2025 00:09:53.134] [Server thread/INFO] [net.minecraft.server.network.ServerGamePacketListenerImpl/]: kaneki46532 lost connection: Disconnected
[04Jul2025 00:09:53.134] [Server thread/INFO] [net.minecraft.server.MinecraftServer/]: kaneki46532 left the game
[04Jul2025 00:10:42.636] [Server thread/INFO] [net.minecraftforge.common.AdvancementLoadFix/]: Using new advancement loading for net.minecraft.server.PlayerAdvancements@67a21315
[04Jul2025 00:10:42.728] [Server thread/INFO] [jecalculation/]: Failed to load default records at /workspaces/inginer/servidor_minecraft/config/jecalculation/records.json.
[04Jul2025 00:10:42.732] [Server thread/ERROR] [net.minecraft.stats.ServerRecipeBook/]: Tried to load unrecognized recipe: createbigcannons:big_cartridge_filling_deployer removed now.
[04Jul2025 00:10:42.736] [Server thread/ERROR] [net.minecraft.stats.ServerRecipeBook/]: Tried to load unrecognized recipe: createbigcannons:cartridge_assembly_deployer removed now.
[04Jul2025 00:10:42.743] [Server thread/ERROR] [net.minecraft.stats.ServerRecipeBook/]: Tried to load unrecognized recipe: apotheosis:potion_charm_enchanting removed now.
[04Jul2025 00:10:42.744] [Server thread/ERROR] [net.minecraft.stats.ServerRecipeBook/]: Tried to load unrecognized recipe: createbigcannons:big_cartridge_filling_deployer removed now.
[04Jul2025 00:10:42.746] [Server thread/ERROR] [net.minecraft.stats.ServerRecipeBook/]: Tried to load unrecognized recipe: createbigcannons:cartridge_assembly_deployer removed now.
[04Jul2025 00:10:42.752] [Server thread/ERROR] [net.minecraft.stats.ServerRecipeBook/]: Tried to load unrecognized recipe: apotheosis:potion_charm_enchanting removed now.
[04Jul2025 00:10:42.753] [Server thread/INFO] [net.minecraft.server.players.PlayerList/]: kaneki46532[/127.126.81.4:42933] logged in with entity id 2275 at (114.10304565115072, 64.0, -55.62799475724249)
[04Jul2025 00:10:42.788] [Server thread/INFO] [net.minecraft.server.MinecraftServer/]: kaneki46532 joined the game
[04Jul2025 00:10:42.857] [Server thread/INFO] [se.mickelus.tetra.data.DataManager/]: Sending data to client: kaneki46532
[04Jul2025 00:10:42.873] [Server thread/INFO] [Jade/]: Syncing config to kaneki46532 (2349e40f-6487-3c24-839c-c02f62e90718)
[04Jul2025 00:11:30.583] [Server thread/INFO] [net.minecraft.server.MinecraftServer/]: kaneki46532 was slain by Spider
[04Jul2025 00:11:36.525] [Server thread/INFO] [jecalculation/]: Failed to load default records at /workspaces/inginer/servidor_minecraft/config/jecalculation/records.json.
[04Jul2025 00:11:53.281] [Server thread/INFO] [net.minecraft.server.MinecraftServer/]: kaneki46532 was slain by Spider
[04Jul2025 00:11:55.041] [Server thread/INFO] [jecalculation/]: Failed to load default records at /workspaces/inginer/servidor_minecraft/config/jecalculation/records.json.
[04Jul2025 00:12:55.064] [Server thread/INFO] [net.minecraft.server.MinecraftServer/]: kaneki46532 has made the advancement [Monster Hunter]
[04Jul2025 00:13:16.240] [Server thread/INFO] [net.minecraft.server.MinecraftServer/]: kaneki46532 has made the advancement [Apothic Affixes]
[04Jul2025 00:13:16.241] [Server thread/INFO] [net.minecraft.server.MinecraftServer/]: kaneki46532 has made the advancement [How'd You Get This?]
[04Jul2025 00:13:16.241] [Server thread/INFO] [net.minecraft.server.MinecraftServer/]: kaneki46532 has made the advancement [Getting an Upgrade]
[04Jul2025 00:14:25.581] [Server thread/INFO] [jecalculation/]: Failed to load default records at /workspaces/inginer/servidor_minecraft/config/jecalculation/records.json.
[04Jul2025 00:31:34.784] [Server thread/INFO] [net.minecraft.server.MinecraftServer/]: kaneki46532 was shot by Skeleton
[04Jul2025 00:31:36.028] [Server thread/INFO] [jecalculation/]: Failed to load default records at /workspaces/inginer/servidor_minecraft/config/jecalculation/records.json.
[04Jul2025 00:32:05.932] [Server thread/INFO] [net.minecraft.server.MinecraftServer/]: kaneki46532 was tragically enlightened!
[04Jul2025 00:32:07.842] [Server thread/INFO] [jecalculation/]: Failed to load default records at /workspaces/inginer/servidor_minecraft/config/jecalculation/records.json.
[04Jul2025 00:32:52.033] [Server thread/INFO] [net.minecraft.server.MinecraftServer/]: kaneki46532 was tragically enlightened!
[04Jul2025 00:32:53.403] [Server thread/INFO] [jecalculation/]: Failed to load default records at /workspaces/inginer/servidor_minecraft/config/jecalculation/records.json.
[04Jul2025 00:33:51.082] [Server thread/INFO] [net.minecraft.server.network.ServerGamePacketListenerImpl/]: kaneki46532 lost connection: Disconnected
[04Jul2025 00:33:51.082] [Server thread/INFO] [net.minecraft.server.MinecraftServer/]: kaneki46532 left the game
[04Jul2025 00:33:51.083] [Server thread/INFO] [jecalculation/]: Failed to load default records at /workspaces/inginer/servidor_minecraft/config/jecalculation/records.json.
[04Jul2025 00:38:06.631] [Server thread/INFO] [net.minecraftforge.common.AdvancementLoadFix/]: Using new advancement loading for net.minecraft.server.PlayerAdvancements@29ce5d96
[04Jul2025 00:38:06.641] [Server thread/INFO] [jecalculation/]: Failed to load default records at /workspaces/inginer/servidor_minecraft/config/jecalculation/records.json.
[04Jul2025 00:38:06.642] [Server thread/ERROR] [net.minecraft.stats.ServerRecipeBook/]: Tried to load unrecognized recipe: createbigcannons:big_cartridge_filling_deployer removed now.
[04Jul2025 00:38:06.644] [Server thread/ERROR] [net.minecraft.stats.ServerRecipeBook/]: Tried to load unrecognized recipe: createbigcannons:cartridge_assembly_deployer removed now.
[04Jul2025 00:38:06.648] [Server thread/ERROR] [net.minecraft.stats.ServerRecipeBook/]: Tried to load unrecognized recipe: apotheosis:potion_charm_enchanting removed now.
[04Jul2025 00:38:06.649] [Server thread/ERROR] [net.minecraft.stats.ServerRecipeBook/]: Tried to load unrecognized recipe: createbigcannons:big_cartridge_filling_deployer removed now.
[04Jul2025 00:38:06.650] [Server thread/ERROR] [net.minecraft.stats.ServerRecipeBook/]: Tried to load unrecognized recipe: createbigcannons:cartridge_assembly_deployer removed now.
[04Jul2025 00:38:06.653] [Server thread/ERROR] [net.minecraft.stats.ServerRecipeBook/]: Tried to load unrecognized recipe: apotheosis:potion_charm_enchanting removed now.
[04Jul2025 00:38:06.654] [Server thread/INFO] [net.minecraft.server.players.PlayerList/]: kaneki46532[/127.126.81.4:37607] logged in with entity id 8138 at (133.37673830691762, 61.42415537749649, -45.96761621808378)
[04Jul2025 00:38:06.676] [Server thread/INFO] [net.minecraft.server.MinecraftServer/]: kaneki46532 joined the game
[04Jul2025 00:38:06.736] [Server thread/INFO] [se.mickelus.tetra.data.DataManager/]: Sending data to client: kaneki46532
[04Jul2025 00:38:06.745] [Server thread/INFO] [Jade/]: Syncing config to kaneki46532 (2349e40f-6487-3c24-839c-c02f62e90718)
[04Jul2025 00:38:20.982] [Server thread/INFO] [net.minecraft.server.MinecraftServer/]: kaneki46532 was tragically enlightened!
[04Jul2025 00:39:21.727] [Server thread/INFO] [net.minecraft.server.network.ServerGamePacketListenerImpl/]: kaneki46532 lost connection: Timed out
[04Jul2025 00:39:21.727] [Server thread/INFO] [net.minecraft.server.MinecraftServer/]: kaneki46532 left the game
[04Jul2025 00:39:21.776] [Server thread/WARN] [net.minecraft.network.Connection/]: handleDisconnection() called twice
[04Jul2025 00:39:34.728] [Server thread/INFO] [net.minecraft.server.MinecraftServer/]: Made kaneki46532 a server operator
[04Jul2025 00:40:47.630] [Server thread/INFO] [net.minecraftforge.common.AdvancementLoadFix/]: Using new advancement loading for net.minecraft.server.PlayerAdvancements@79efafc
[04Jul2025 00:40:47.639] [Server thread/INFO] [jecalculation/]: Failed to load default records at /workspaces/inginer/servidor_minecraft/config/jecalculation/records.json.
[04Jul2025 00:40:47.641] [Server thread/ERROR] [net.minecraft.stats.ServerRecipeBook/]: Tried to load unrecognized recipe: createbigcannons:big_cartridge_filling_deployer removed now.
[04Jul2025 00:40:47.642] [Server thread/ERROR] [net.minecraft.stats.ServerRecipeBook/]: Tried to load unrecognized recipe: createbigcannons:cartridge_assembly_deployer removed now.
[04Jul2025 00:40:47.646] [Server thread/ERROR] [net.minecraft.stats.ServerRecipeBook/]: Tried to load unrecognized recipe: apotheosis:potion_charm_enchanting removed now.
[04Jul2025 00:40:47.647] [Server thread/ERROR] [net.minecraft.stats.ServerRecipeBook/]: Tried to load unrecognized recipe: createbigcannons:big_cartridge_filling_deployer removed now.
[04Jul2025 00:40:47.649] [Server thread/ERROR] [net.minecraft.stats.ServerRecipeBook/]: Tried to load unrecognized recipe: createbigcannons:cartridge_assembly_deployer removed now.
[04Jul2025 00:40:47.652] [Server thread/ERROR] [net.minecraft.stats.ServerRecipeBook/]: Tried to load unrecognized recipe: apotheosis:potion_charm_enchanting removed now.
[04Jul2025 00:40:47.653] [Server thread/INFO] [net.minecraft.server.players.PlayerList/]: kaneki46532[/127.126.81.4:55927] logged in with entity id 8189 at (133.37673830691762, 61.14563693008861, -45.96761621808378)
[04Jul2025 00:40:47.687] [Server thread/INFO] [net.minecraft.server.MinecraftServer/]: kaneki46532 joined the game
[04Jul2025 00:40:47.741] [Server thread/INFO] [se.mickelus.tetra.data.DataManager/]: Sending data to client: kaneki46532
[04Jul2025 00:40:47.753] [Server thread/INFO] [Jade/]: Syncing config to kaneki46532 (2349e40f-6487-3c24-839c-c02f62e90718)
[04Jul2025 00:41:25.187] [Server thread/INFO] [jecalculation/]: Failed to load default records at /workspaces/inginer/servidor_minecraft/config/jecalculation/records.json.
[04Jul2025 00:41:58.324] [Server thread/INFO] [FTB Chunks/]: kaneki46532 claimed 1 chunks around [minecraft:overworld:7:-5]for team kaneki46532
[04Jul2025 00:42:17.148] [Server thread/INFO] [net.minecraft.server.MinecraftServer/]: [kaneki46532: Set own game mode to Creative Mode]
[04Jul2025 00:43:49.985] [Server thread/INFO] [net.minecraft.server.MinecraftServer/]: [kaneki46532: Gamerule commandBlockOutput is now set to: false]
[04Jul2025 00:44:05.734] [Server thread/INFO] [net.minecraft.server.MinecraftServer/]: [kaneki46532: Gamerule commandBlockOutput is now set to: true]
[04Jul2025 00:44:25.584] [Server thread/INFO] [jecalculation/]: Failed to load default records at /workspaces/inginer/servidor_minecraft/config/jecalculation/records.json.
[04Jul2025 00:48:42.832] [Server thread/INFO] [net.minecraft.server.network.ServerGamePacketListenerImpl/]: kaneki46532 lost connection: Disconnected
[04Jul2025 00:48:42.832] [Server thread/INFO] [net.minecraft.server.MinecraftServer/]: kaneki46532 left the game
[04Jul2025 00:51:43.276] [Server thread/INFO] [net.minecraft.server.MinecraftServer/]: Stopping the server
[04Jul2025 00:51:43.326] [Server thread/INFO] [net.minecraft.server.MinecraftServer/]: Stopping server
[04Jul2025 00:51:43.327] [Server thread/INFO] [net.minecraft.server.MinecraftServer/]: Saving players
[04Jul2025 00:51:43.327] [Server thread/INFO] [net.minecraft.server.MinecraftServer/]: Saving worlds
[04Jul2025 00:51:44.582] [Server thread/INFO] [net.minecraft.server.MinecraftServer/]: Saving chunks for level 'ServerLevel[world]'/minecraft:overworld
[04Jul2025 00:51:45.223] [Server thread/INFO] [net.minecraft.server.MinecraftServer/]: Saving chunks for level 'ServerLevel[world]'/ad_astra:glacio_orbit
[04Jul2025 00:51:45.223] [Server thread/INFO] [net.minecraft.server.MinecraftServer/]: Saving chunks for level 'ServerLevel[world]'/ad_astra:mercury_orbit
[04Jul2025 00:51:45.224] [Server thread/INFO] [net.minecraft.server.MinecraftServer/]: Saving chunks for level 'ServerLevel[world]'/ad_astra:earth_orbit
[04Jul2025 00:51:45.225] [Server thread/INFO] [net.minecraft.server.MinecraftServer/]: Saving chunks for level 'ServerLevel[world]'/ad_astra:mars
[04Jul2025 00:51:45.225] [Server thread/INFO] [net.minecraft.server.MinecraftServer/]: Saving chunks for level 'ServerLevel[world]'/ad_astra:moon
[04Jul2025 00:51:45.226] [Server thread/INFO] [net.minecraft.server.MinecraftServer/]: Saving chunks for level 'ServerLevel[world]'/ad_astra:venus_orbit
[04Jul2025 00:51:45.227] [Server thread/INFO] [net.minecraft.server.MinecraftServer/]: Saving chunks for level 'ServerLevel[world]'/ad_astra:venus
[04Jul2025 00:51:45.227] [Server thread/INFO] [net.minecraft.server.MinecraftServer/]: Saving chunks for level 'ServerLevel[world]'/minecraft:the_end
[04Jul2025 00:51:45.228] [Server thread/INFO] [net.minecraft.server.MinecraftServer/]: Saving chunks for level 'ServerLevel[world]'/ad_astra:mercury
[04Jul2025 00:51:45.228] [Server thread/INFO] [net.minecraft.server.MinecraftServer/]: Saving chunks for level 'ServerLevel[world]'/ad_astra:glacio
[04Jul2025 00:51:45.229] [Server thread/INFO] [net.minecraft.server.MinecraftServer/]: Saving chunks for level 'ServerLevel[world]'/ad_astra:moon_orbit
[04Jul2025 00:51:45.229] [Server thread/INFO] [net.minecraft.server.MinecraftServer/]: Saving chunks for level 'ServerLevel[world]'/ad_astra:mars_orbit
[04Jul2025 00:51:45.230] [Server thread/INFO] [net.minecraft.server.MinecraftServer/]: Saving chunks for level 'ServerLevel[world]'/minecraft:the_nether
[04Jul2025 00:51:45.303] [Server thread/INFO] [net.minecraft.server.MinecraftServer/]: ThreadedAnvilChunkStorage (world): All chunks are saved
[04Jul2025 00:51:45.303] [Server thread/INFO] [net.minecraft.server.MinecraftServer/]: ThreadedAnvilChunkStorage (glacio_orbit): All chunks are saved
[04Jul2025 00:51:45.303] [Server thread/INFO] [net.minecraft.server.MinecraftServer/]: ThreadedAnvilChunkStorage (mercury_orbit): All chunks are saved
[04Jul2025 00:51:45.304] [Server thread/INFO] [net.minecraft.server.MinecraftServer/]: ThreadedAnvilChunkStorage (earth_orbit): All chunks are saved
[04Jul2025 00:51:45.304] [Server thread/INFO] [net.minecraft.server.MinecraftServer/]: ThreadedAnvilChunkStorage (mars): All chunks are saved
[04Jul2025 00:51:45.304] [Server thread/INFO] [net.minecraft.server.MinecraftServer/]: ThreadedAnvilChunkStorage (moon): All chunks are saved
[04Jul2025 00:51:45.304] [Server thread/INFO] [net.minecraft.server.MinecraftServer/]: ThreadedAnvilChunkStorage (venus_orbit): All chunks are saved
[04Jul2025 00:51:45.304] [Server thread/INFO] [net.minecraft.server.MinecraftServer/]: ThreadedAnvilChunkStorage (venus): All chunks are saved
[04Jul2025 00:51:45.304] [Server thread/INFO] [net.minecraft.server.MinecraftServer/]: ThreadedAnvilChunkStorage (DIM1): All chunks are saved
[04Jul2025 00:51:45.304] [Server thread/INFO] [net.minecraft.server.MinecraftServer/]: ThreadedAnvilChunkStorage (mercury): All chunks are saved
[04Jul2025 00:51:45.304] [Server thread/INFO] [net.minecraft.server.MinecraftServer/]: ThreadedAnvilChunkStorage (glacio): All chunks are saved
[04Jul2025 00:51:45.304] [Server thread/INFO] [net.minecraft.server.MinecraftServer/]: ThreadedAnvilChunkStorage (moon_orbit): All chunks are saved
[04Jul2025 00:51:45.304] [Server thread/INFO] [net.minecraft.server.MinecraftServer/]: ThreadedAnvilChunkStorage (mars_orbit): All chunks are saved
[04Jul2025 00:51:45.304] [Server thread/INFO] [net.minecraft.server.MinecraftServer/]: ThreadedAnvilChunkStorage (DIM-1): All chunks are saved
[04Jul2025 00:51:45.304] [Server thread/INFO] [net.minecraft.server.MinecraftServer/]: ThreadedAnvilChunkStorage: All dimensions are saved
[04Jul2025 00:51:45.334] [Server thread/INFO] [FTB Chunks/]: Shutting down map thread
[04Jul2025 00:51:45.334] [Server thread/INFO] [configured/]: Unloading server configs...
[04Jul2025 00:51:45.335] [Server thread/INFO] [configured/]: Sending config unload event for configured.developer.toml
